\BOOKMARK [1][-]{section.1}{Preliminary Remarks}{}% 1
\BOOKMARK [1][-]{section.2}{Lets Play Around Before We Look At Theory}{}% 2
\BOOKMARK [2][-]{subsection.2.1}{Now Do This}{section.2}% 3
\BOOKMARK [2][-]{subsection.2.2}{What Happened?}{section.2}% 4
\BOOKMARK [2][-]{subsection.2.3}{I'd like to show you one more thing before we talk theory}{section.2}% 5
\BOOKMARK [1][-]{section.3}{How about one more example?}{}% 6
\BOOKMARK [1][-]{section.4}{ASCII}{}% 7
\BOOKMARK [2][-]{subsection.4.1}{ASCII Art}{section.4}% 8
\BOOKMARK [2][-]{subsection.4.2}{ASCII is a Seven Bit Encoding}{section.4}% 9
\BOOKMARK [2][-]{subsection.4.3}{Please review the ascii table}{section.4}% 10
\BOOKMARK [2][-]{subsection.4.4}{TODO}{section.4}% 11
\BOOKMARK [1][-]{section.5}{UTF16}{}% 12
\BOOKMARK [1][-]{section.6}{Exercises}{}% 13
\BOOKMARK [2][-]{subsection.6.1}{Exercise 1}{section.6}% 14
\BOOKMARK [2][-]{subsection.6.2}{Exercise 2}{section.6}% 15
\BOOKMARK [1][-]{section.7}{UTF-16 and Java}{}% 16
\BOOKMARK [2][-]{subsection.7.1}{UTF-16 is the bomb. But the BOM is not.}{section.7}% 17
\BOOKMARK [2][-]{subsection.7.2}{Look at Unicode points U+XXXX syntax}{section.7}% 18
\BOOKMARK [1][-]{section.8}{How to write Unicode characters in Java.}{}% 19
\BOOKMARK [2][-]{subsection.8.1}{Exercise}{section.8}% 20
\BOOKMARK [2][-]{subsection.8.2}{Interesting note about the last thing:}{section.8}% 21
\BOOKMARK [1][-]{section.9}{Final Jeopardy \046 Break Time}{}% 22
\BOOKMARK [2][-]{subsection.9.1}{One More Fun Thing}{section.9}% 23
\BOOKMARK [1][-]{section.10}{ Checkpoint }{}% 24
\BOOKMARK [1][-]{section.11}{UTF-8}{}% 25
\BOOKMARK [2][-]{subsection.11.1}{Preamble}{section.11}% 26
\BOOKMARK [2][-]{subsection.11.2}{How UTF-8 works}{section.11}% 27
\BOOKMARK [2][-]{subsection.11.3}{Exercise}{section.11}% 28
\BOOKMARK [1][-]{section.12}{Writing Files in Java}{}% 29
\BOOKMARK [2][-]{subsection.12.1}{Oneway}{section.12}% 30
\BOOKMARK [2][-]{subsection.12.2}{Another way}{section.12}% 31
\BOOKMARK [1][-]{section.13}{Exceptions}{}% 32
\BOOKMARK [1][-]{section.14}{Review}{}% 33
