\BOOKMARK [1][-]{section.1}{Exam - Last few minutes of class.}{}% 1
\BOOKMARK [1][-]{section.2}{Sets}{}% 2
\BOOKMARK [2][-]{subsection.2.1}{Interview Warning}{section.2}% 3
\BOOKMARK [1][-]{section.3}{War Story}{}% 4
\BOOKMARK [2][-]{subsection.3.1}{References}{section.3}% 5
\BOOKMARK [1][-]{section.4}{What is a HashSet?}{}% 6
\BOOKMARK [2][-]{subsection.4.1}{What is a hash function}{section.4}% 7
\BOOKMARK [2][-]{subsection.4.2}{An example}{section.4}% 8
\BOOKMARK [2][-]{subsection.4.3}{Another Example}{section.4}% 9
\BOOKMARK [2][-]{subsection.4.4}{A Question For You}{section.4}% 10
\BOOKMARK [1][-]{section.5}{What is a TreeSet?}{}% 11
\BOOKMARK [2][-]{subsection.5.1}{What is a tree}{section.5}% 12
\BOOKMARK [2][-]{subsection.5.2}{An example}{section.5}% 13
\BOOKMARK [2][-]{subsection.5.3}{Another Example}{section.5}% 14
\BOOKMARK [1][-]{section.6}{Exercise \0431 - Difference Between a HashSet and a TreeSet}{}% 15
\BOOKMARK [1][-]{section.7}{Exercise \0432 - Reversing a Tree Set}{}% 16
\BOOKMARK [1][-]{section.8}{What is a LinkedHashSet?}{}% 17
\BOOKMARK [2][-]{subsection.8.1}{Test it out}{section.8}% 18
\BOOKMARK [2][-]{subsection.8.2}{Check out ordering}{section.8}% 19
\BOOKMARK [2][-]{subsection.8.3}{Activity}{section.8}% 20
\BOOKMARK [1][-]{section.9}{Grades}{}% 21
\BOOKMARK [1][-]{section.10}{If Extra Time}{}% 22
\BOOKMARK [1][-]{section.11}{If extra time: start working on homework}{}% 23
